# JRE version: OpenJDK Runtime Environment Temurin-21.0.10+7 (21.0.10+7) (build 21.0.10+7-LTS)
# Java VM: OpenJDK 64-Bit Server VM Temurin-21.0.10+7 (21.0.10+7-LTS, mixed mode, sharing, tiered, compressed oops, compressed class ptrs, parallel gc, windows-amd64)
GC Precious Log:
 CardTable entry size: 512
 CPUs: 16 total, 16 available
 Memory: 14173M
 Large Page Support: Disabled
 NUMA Support: Disabled
 Compressed Oops: Enabled (32-bit)
 Alignments: Space 512K, Generation 512K, Heap 2M
 Heap Min Capacity: 100M
 Heap Initial Capacity: 100M
 Heap Max Capacity: 2G
 Pre-touch: Disabled
 Parallel Workers: 13
Heap:
 PSYoungGen      total 1536K, used 1209K [0x00000000d5580000, 0x00000000d5800000, 0x0000000100000000)
  eden space 1024K, 74% used [0x00000000d5580000,0x00000000d563e420,0x00000000d5680000)
  from space 512K, 87% used [0x00000000d5780000,0x00000000d57f0000,0x00000000d5800000)
  to   space 512K, 0% used [0x00000000d5700000,0x00000000d5700000,0x00000000d5780000)
 ParOldGen       total 320000K, used 319909K [0x0000000080000000, 0x0000000093880000, 0x00000000d5580000)
  object space 320000K, 99% used [0x0000000080000000,0x0000000093869560,0x0000000093880000)
 Metaspace       used 75663K, committed 77312K, reserved 1179648K
  class space    used 7899K, committed 8640K, reserved 1048576K
GC Heap History (20 events):
Event: 463.211 GC heap before
{Heap before GC invocations=320 (full 3):
 PSYoungGen      total 1536K, used 1162K [0x00000000d5580000, 0x00000000d5900000, 0x0000000100000000)
  eden space 512K, 100% used [0x00000000d5580000,0x00000000d5600000,0x00000000d5600000)
  from space 1024K, 63% used [0x00000000d5800000,0x00000000d58a2938,0x00000000d5900000)
  to   space 1024K, 0% used [0x00000000d5600000,0x00000000d5600000,0x00000000d5700000)
 ParOldGen       total 315392K, used 315211K [0x0000000080000000, 0x0000000093400000, 0x00000000d5580000)
  object space 315392K, 99% used [0x0000000080000000,0x00000000933d2c98,0x0000000093400000)
 Metaspace       used 75553K, committed 77184K, reserved 1179648K
  class space    used 7897K, committed 8640K, reserved 1048576K
}
Event: 463.213 GC heap after
{Heap after GC invocations=320 (full 3):
 PSYoungGen      total 1536K, used 661K [0x00000000d5580000, 0x00000000d5880000, 0x0000000100000000)
  eden space 512K, 0% used [0x00000000d5580000,0x00000000d5580000,0x00000000d5600000)
  from space 1024K, 64% used [0x00000000d5600000,0x00000000d56a57c8,0x00000000d5700000)
  to   space 1024K, 0% used [0x00000000d5780000,0x00000000d5780000,0x00000000d5880000)
 ParOldGen       total 315904K, used 315650K [0x0000000080000000, 0x0000000093480000, 0x00000000d5580000)
  object space 315904K, 99% used [0x0000000080000000,0x0000000093440ae0,0x0000000093480000)
 Metaspace       used 75553K, committed 77184K, reserved 1179648K
  class space    used 7897K, committed 8640K, reserved 1048576K
}
Event: 463.217 GC heap before
{Heap before GC invocations=321 (full 3):
 PSYoungGen      total 1536K, used 1173K [0x00000000d5580000, 0x00000000d5880000, 0x0000000100000000)
  eden space 512K, 100% used [0x00000000d5580000,0x00000000d5600000,0x00000000d5600000)
  from space 1024K, 64% used [0x00000000d5600000,0x00000000d56a57c8,0x00000000d5700000)
  to   space 1024K, 0% used [0x00000000d5780000,0x00000000d5780000,0x00000000d5880000)
 ParOldGen       total 315904K, used 315650K [0x0000000080000000, 0x0000000093480000, 0x00000000d5580000)
  object space 315904K, 99% used [0x0000000080000000,0x0000000093440ae0,0x0000000093480000)
 Metaspace       used 75553K, committed 77184K, reserved 1179648K
  class space    used 7897K, committed 8640K, reserved 1048576K
}
Event: 463.218 GC heap after
{Heap after GC invocations=321 (full 3):
 PSYoungGen      total 2048K, used 696K [0x00000000d5580000, 0x00000000d5880000, 0x0000000100000000)
  eden space 1024K, 0% used [0x00000000d5580000,0x00000000d5580000,0x00000000d5680000)
  from space 1024K, 67% used [0x00000000d5780000,0x00000000d582e070,0x00000000d5880000)
  to   space 1024K, 0% used [0x00000000d5680000,0x00000000d5680000,0x00000000d5780000)
 ParOldGen       total 316416K, used 316052K [0x0000000080000000, 0x0000000093500000, 0x00000000d5580000)
  object space 316416K, 99% used [0x0000000080000000,0x00000000934a5108,0x0000000093500000)
 Metaspace       used 75553K, committed 77184K, reserved 1179648K
  class space    used 7897K, committed 8640K, reserved 1048576K
}
Event: 463.231 GC heap before
{Heap before GC invocations=322 (full 3):
 PSYoungGen      total 2048K, used 1720K [0x00000000d5580000, 0x00000000d5880000, 0x0000000100000000)
  eden space 1024K, 100% used [0x00000000d5580000,0x00000000d5680000,0x00000000d5680000)
  from space 1024K, 67% used [0x00000000d5780000,0x00000000d582e070,0x00000000d5880000)
  to   space 1024K, 0% used [0x00000000d5680000,0x00000000d5680000,0x00000000d5780000)
 ParOldGen       total 317440K, used 316828K [0x0000000080000000, 0x0000000093600000, 0x00000000d5580000)
  object space 317440K, 99% used [0x0000000080000000,0x0000000093567210,0x0000000093600000)
 Metaspace       used 75553K, committed 77184K, reserved 1179648K
  class space    used 7897K, committed 8640K, reserved 1048576K
}
Event: 463.233 GC heap after
{Heap after GC invocations=322 (full 3):
 PSYoungGen      total 2048K, used 929K [0x00000000d5580000, 0x00000000d5880000, 0x0000000100000000)
  eden space 1024K, 0% used [0x00000000d5580000,0x00000000d5580000,0x00000000d5680000)
  from space 1024K, 90% used [0x00000000d5680000,0x00000000d5768558,0x00000000d5780000)
  to   space 1024K, 0% used [0x00000000d5780000,0x00000000d5780000,0x00000000d5880000)
 ParOldGen       total 317440K, used 317261K [0x0000000080000000, 0x0000000093600000, 0x00000000d5580000)
  object space 317440K, 99% used [0x0000000080000000,0x00000000935d3608,0x0000000093600000)
 Metaspace       used 75553K, committed 77184K, reserved 1179648K
  class space    used 7897K, committed 8640K, reserved 1048576K
}
Event: 463.245 GC heap before
{Heap before GC invocations=323 (full 3):
 PSYoungGen      total 2048K, used 1953K [0x00000000d5580000, 0x00000000d5880000, 0x0000000100000000)
  eden space 1024K, 99% used [0x00000000d5580000,0x00000000d567ffc0,0x00000000d5680000)
  from space 1024K, 90% used [0x00000000d5680000,0x00000000d5768558,0x00000000d5780000)
  to   space 1024K, 0% used [0x00000000d5780000,0x00000000d5780000,0x00000000d5880000)
 ParOldGen       total 317440K, used 317261K [0x0000000080000000, 0x0000000093600000, 0x00000000d5580000)
  object space 317440K, 99% used [0x0000000080000000,0x00000000935d3608,0x0000000093600000)
 Metaspace       used 75562K, committed 77184K, reserved 1179648K
  class space    used 7897K, committed 8640K, reserved 1048576K
}
Event: 463.247 GC heap after
{Heap after GC invocations=323 (full 3):
 PSYoungGen      total 2048K, used 898K [0x00000000d5580000, 0x00000000d5880000, 0x0000000100000000)
  eden space 1024K, 0% used [0x00000000d5580000,0x00000000d5580000,0x00000000d5680000)
  from space 1024K, 87% used [0x00000000d5780000,0x00000000d5860ab0,0x00000000d5880000)
  to   space 1024K, 0% used [0x00000000d5680000,0x00000000d5680000,0x00000000d5780000)
 ParOldGen       total 318464K, used 318120K [0x0000000080000000, 0x0000000093700000, 0x00000000d5580000)
  object space 318464K, 99% used [0x0000000080000000,0x00000000936aa3c8,0x0000000093700000)
 Metaspace       used 75562K, committed 77184K, reserved 1179648K
  class space    used 7897K, committed 8640K, reserved 1048576K
}
Event: 463.254 GC heap before
{Heap before GC invocations=324 (full 3):
 PSYoungGen      total 2048K, used 1922K [0x00000000d5580000, 0x00000000d5880000, 0x0000000100000000)
  eden space 1024K, 99% used [0x00000000d5580000,0x00000000d567fff0,0x00000000d5680000)
  from space 1024K, 87% used [0x00000000d5780000,0x00000000d5860ab0,0x00000000d5880000)
  to   space 1024K, 0% used [0x00000000d5680000,0x00000000d5680000,0x00000000d5780000)
 ParOldGen       total 318464K, used 318120K [0x0000000080000000, 0x0000000093700000, 0x00000000d5580000)
  object space 318464K, 99% used [0x0000000080000000,0x00000000936aa3c8,0x0000000093700000)
 Metaspace       used 75570K, committed 77184K, reserved 1179648K
  class space    used 7897K, committed 8640K, reserved 1048576K
}
Event: 463.257 GC heap after
{Heap after GC invocations=324 (full 3):
 PSYoungGen      total 2048K, used 576K [0x00000000d5580000, 0x00000000d5880000, 0x0000000100000000)
  eden space 1024K, 0% used [0x00000000d5580000,0x00000000d5580000,0x00000000d5680000)
  from space 1024K, 56% used [0x00000000d5680000,0x00000000d5710000,0x00000000d5780000)
  to   space 1024K, 0% used [0x00000000d5780000,0x00000000d5780000,0x00000000d5880000)
 ParOldGen       total 318976K, used 318853K [0x0000000080000000, 0x0000000093780000, 0x00000000d5580000)
  object space 318976K, 99% used [0x0000000080000000,0x0000000093761540,0x0000000093780000)
 Metaspace       used 75570K, committed 77184K, reserved 1179648K
  class space    used 7897K, committed 8640K, reserved 1048576K
}
Event: 463.270 GC heap before
{Heap before GC invocations=325 (full 3):
 PSYoungGen      total 2048K, used 1600K [0x00000000d5580000, 0x00000000d5880000, 0x0000000100000000)
  eden space 1024K, 100% used [0x00000000d5580000,0x00000000d5680000,0x00000000d5680000)
  from space 1024K, 56% used [0x00000000d5680000,0x00000000d5710000,0x00000000d5780000)
  to   space 1024K, 0% used [0x00000000d5780000,0x00000000d5780000,0x00000000d5880000)
 ParOldGen       total 318976K, used 318853K [0x0000000080000000, 0x0000000093780000, 0x00000000d5580000)
  object space 318976K, 99% used [0x0000000080000000,0x0000000093761540,0x0000000093780000)
 Metaspace       used 75589K, committed 77248K, reserved 1179648K
  class space    used 7897K, committed 8640K, reserved 1048576K
}
Event: 463.273 GC heap after
{Heap after GC invocations=325 (full 3):
 PSYoungGen      total 1536K, used 416K [0x00000000d5580000, 0x00000000d5800000, 0x0000000100000000)
  eden space 1024K, 0% used [0x00000000d5580000,0x00000000d5580000,0x00000000d5680000)
  from space 512K, 81% used [0x00000000d5780000,0x00000000d57e8000,0x00000000d5800000)
  to   space 512K, 0% used [0x00000000d5700000,0x00000000d5700000,0x00000000d5780000)
 ParOldGen       total 319488K, used 319269K [0x0000000080000000, 0x0000000093800000, 0x00000000d5580000)
  object space 319488K, 99% used [0x0000000080000000,0x00000000937c9540,0x0000000093800000)
 Metaspace       used 75589K, committed 77248K, reserved 1179648K
  class space    used 7897K, committed 8640K, reserved 1048576K
}
Event: 463.282 GC heap before
{Heap before GC invocations=326 (full 3):
 PSYoungGen      total 1536K, used 1440K [0x00000000d5580000, 0x00000000d5800000, 0x0000000100000000)
  eden space 1024K, 100% used [0x00000000d5580000,0x00000000d5680000,0x00000000d5680000)
  from space 512K, 81% used [0x00000000d5780000,0x00000000d57e8000,0x00000000d5800000)
  to   space 512K, 0% used [0x00000000d5700000,0x00000000d5700000,0x00000000d5780000)
 ParOldGen       total 319488K, used 319269K [0x0000000080000000, 0x0000000093800000, 0x00000000d5580000)
  object space 319488K, 99% used [0x0000000080000000,0x00000000937c9540,0x0000000093800000)
 Metaspace       used 75589K, committed 77248K, reserved 1179648K
  class space    used 7897K, committed 8640K, reserved 1048576K
}
Event: 463.284 GC heap after
{Heap after GC invocations=326 (full 3):
 PSYoungGen      total 1536K, used 256K [0x00000000d5580000, 0x00000000d5800000, 0x0000000100000000)
  eden space 1024K, 0% used [0x00000000d5580000,0x00000000d5580000,0x00000000d5680000)
  from space 512K, 50% used [0x00000000d5700000,0x00000000d5740000,0x00000000d5780000)
  to   space 512K, 0% used [0x00000000d5780000,0x00000000d5780000,0x00000000d5800000)
 ParOldGen       total 319488K, used 319413K [0x0000000080000000, 0x0000000093800000, 0x00000000d5580000)
  object space 319488K, 99% used [0x0000000080000000,0x00000000937ed540,0x0000000093800000)
 Metaspace       used 75589K, committed 77248K, reserved 1179648K
  class space    used 7897K, committed 8640K, reserved 1048576K
}
Event: 463.297 GC heap before
{Heap before GC invocations=327 (full 3):
 PSYoungGen      total 1536K, used 1280K [0x00000000d5580000, 0x00000000d5800000, 0x0000000100000000)
  eden space 1024K, 100% used [0x00000000d5580000,0x00000000d5680000,0x00000000d5680000)
  from space 512K, 50% used [0x00000000d5700000,0x00000000d5740000,0x00000000d5780000)
  to   space 512K, 0% used [0x00000000d5780000,0x00000000d5780000,0x00000000d5800000)
 ParOldGen       total 319488K, used 319413K [0x0000000080000000, 0x0000000093800000, 0x00000000d5580000)
  object space 319488K, 99% used [0x0000000080000000,0x00000000937ed540,0x0000000093800000)
 Metaspace       used 75595K, committed 77248K, reserved 1179648K
  class space    used 7897K, committed 8640K, reserved 1048576K
}
Event: 463.299 GC heap after
{Heap after GC invocations=327 (full 3):
 PSYoungGen      total 1536K, used 416K [0x00000000d5580000, 0x00000000d5800000, 0x0000000100000000)
  eden space 1024K, 0% used [0x00000000d5580000,0x00000000d5580000,0x00000000d5680000)
  from space 512K, 81% used [0x00000000d5780000,0x00000000d57e8000,0x00000000d5800000)
  to   space 512K, 0% used [0x00000000d5700000,0x00000000d5700000,0x00000000d5780000)
 ParOldGen       total 320000K, used 319509K [0x0000000080000000, 0x0000000093880000, 0x00000000d5580000)
  object space 320000K, 99% used [0x0000000080000000,0x0000000093805560,0x0000000093880000)
 Metaspace       used 75595K, committed 77248K, reserved 1179648K
  class space    used 7897K, committed 8640K, reserved 1048576K
}
Event: 463.311 GC heap before
{Heap before GC invocations=328 (full 3):
 PSYoungGen      total 1536K, used 1428K [0x00000000d5580000, 0x00000000d5800000, 0x0000000100000000)
  eden space 1024K, 98% used [0x00000000d5580000,0x00000000d567d1e0,0x00000000d5680000)
  from space 512K, 81% used [0x00000000d5780000,0x00000000d57e8000,0x00000000d5800000)
  to   space 512K, 0% used [0x00000000d5700000,0x00000000d5700000,0x00000000d5780000)
 ParOldGen       total 320000K, used 319509K [0x0000000080000000, 0x0000000093880000, 0x00000000d5580000)
  object space 320000K, 99% used [0x0000000080000000,0x0000000093805560,0x0000000093880000)
 Metaspace       used 75617K, committed 77248K, reserved 1179648K
  class space    used 7897K, committed 8640K, reserved 1048576K
}
Event: 463.313 GC heap after
{Heap after GC invocations=328 (full 3):
 PSYoungGen      total 1536K, used 416K [0x00000000d5580000, 0x00000000d5800000, 0x0000000100000000)
  eden space 1024K, 0% used [0x00000000d5580000,0x00000000d5580000,0x00000000d5680000)
  from space 512K, 81% used [0x00000000d5700000,0x00000000d5768000,0x00000000d5780000)
  to   space 512K, 0% used [0x00000000d5780000,0x00000000d5780000,0x00000000d5800000)
 ParOldGen       total 320000K, used 319685K [0x0000000080000000, 0x0000000093880000, 0x00000000d5580000)
  object space 320000K, 99% used [0x0000000080000000,0x0000000093831560,0x0000000093880000)
 Metaspace       used 75617K, committed 77248K, reserved 1179648K
  class space    used 7897K, committed 8640K, reserved 1048576K
}
Event: 463.337 GC heap before
{Heap before GC invocations=329 (full 3):
 PSYoungGen      total 1536K, used 1440K [0x00000000d5580000, 0x00000000d5800000, 0x0000000100000000)
  eden space 1024K, 100% used [0x00000000d5580000,0x00000000d5680000,0x00000000d5680000)
  from space 512K, 81% used [0x00000000d5700000,0x00000000d5768000,0x00000000d5780000)
  to   space 512K, 0% used [0x00000000d5780000,0x00000000d5780000,0x00000000d5800000)
 ParOldGen       total 320000K, used 319685K [0x0000000080000000, 0x0000000093880000, 0x00000000d5580000)
  object space 320000K, 99% used [0x0000000080000000,0x0000000093831560,0x0000000093880000)
 Metaspace       used 75635K, committed 77248K, reserved 1179648K
  class space    used 7899K, committed 8640K, reserved 1048576K
}
Event: 463.339 GC heap after
{Heap after GC invocations=329 (full 3):
 PSYoungGen      total 1536K, used 448K [0x00000000d5580000, 0x00000000d5800000, 0x0000000100000000)
  eden space 1024K, 0% used [0x00000000d5580000,0x00000000d5580000,0x00000000d5680000)
  from space 512K, 87% used [0x00000000d5780000,0x00000000d57f0000,0x00000000d5800000)
  to   space 512K, 0% used [0x00000000d5700000,0x00000000d5700000,0x00000000d5780000)
 ParOldGen       total 320000K, used 319909K [0x0000000080000000, 0x0000000093880000, 0x00000000d5580000)
  object space 320000K, 99% used [0x0000000080000000,0x0000000093869560,0x0000000093880000)
 Metaspace       used 75635K, committed 77248K, reserved 1179648K
  class space    used 7899K, committed 8640K, reserved 1048576K
}

